2016-03-28T08:09:02.078Z - error: on util error {"code":1,"reason":"중복된 카드번호입니다."}
2016-03-28T08:09:16.053Z - error: on util error {"code":1,"reason":"중복된 카드번호입니다."}
2016-03-31T03:44:14.387Z - error: on util error {"code":"ETIMEDOUT","errno":"ETIMEDOUT","syscall":"connect"}
2016-03-31T03:46:43.314Z - error: on util error {"result":"not matched number"}
2016-03-31T03:47:59.833Z - error: on util error {"code":"ECONNRESET"}
2016-04-09T16:36:27.636Z - error: on util error {"error":"err"}
2016-04-09T16:39:21.806Z - error: on util error {"error":"err"}
2016-04-09T16:41:31.130Z - error: on util error {"error":"err"}
2016-04-09T16:42:00.782Z - error: on util error {"error":"err"}
2016-04-09T16:42:14.752Z - error: on util error {"error":"err"}
2016-04-09T16:42:40.425Z - error: on util error {"error":"err"}
2016-04-09T16:42:51.162Z - error: on util error {"error":"err"}
2016-04-09T16:44:09.578Z - error: on util error {"error":"err"}
2016-04-09T16:45:45.846Z - error: on util error {"error":"err"}
2016-04-09T16:46:00.168Z - error: on util error {"error":"err"}
2016-04-09T16:48:15.818Z - error: on util error {"error":"err"}
2016-04-09T16:53:03.249Z - error: on util error {"error":"err"}
2016-04-09T16:53:11.488Z - error: on util error {"error":"err"}
2016-04-09T16:53:17.068Z - error: on util error {"error":"err"}
2016-04-09T16:53:26.494Z - error: on util error {"error":"err"}
2016-04-09T16:55:22.252Z - error: on util error {"error":"err"}
2016-04-09T16:56:43.153Z - error: on util error {"error":"err"}
2016-04-09T16:57:21.243Z - error: on util error {"error":"err"}
2016-04-09T16:57:54.661Z - error: on util error {"error":"err"}
2016-04-09T16:58:24.526Z - error: on util error {"error":"err"}
2016-04-09T17:03:04.617Z - error: on util error {"error":"err"}
2016-04-09T17:03:12.758Z - error: on util error {"error":"err"}
2016-04-09T17:06:21.618Z - error: on util error {"error":"err"}
2016-04-09T17:08:46.251Z - error: on util error {"error":"err"}
2016-04-09T17:10:30.154Z - error: on util error {"error":"err"}
2016-04-09T17:11:19.728Z - error: on util error {"error":"err"}
2016-04-09T17:11:39.672Z - error: on util error {"error":"err"}
2016-04-09T17:12:00.183Z - error: on util error {"error":"err"}
2016-04-09T17:12:45.187Z - error: on util error {"error":"err"}
2016-04-09T17:13:02.225Z - error: on util error {"error":"err"}
2016-04-09T17:21:25.772Z - error: on util error {"error":"err"}
2016-04-09T17:28:59.419Z - error: on util error {"error":"err"}
2016-04-09T17:29:21.127Z - error: on util error {"error":"err"}
2016-04-09T17:29:34.622Z - error: on util error {"error":"err"}
2016-04-09T17:29:40.105Z - error: on util error {"error":"err"}
2016-04-09T17:29:44.775Z - error: on util error {"error":"err"}
2016-04-09T17:29:54.605Z - error: on util error {"error":"err"}
2016-04-09T17:32:17.959Z - error: on util error {"error":"err"}
2016-04-09T17:32:30.520Z - error: on util error {"error":"err"}
2016-04-09T17:34:29.698Z - error: on util error {"error":"err"}
2016-04-09T17:36:23.119Z - error: on util error {"error":"err"}
2016-04-09T17:37:22.256Z - error: on util error {"error":"err"}
2016-04-09T17:38:15.095Z - error: on util error {"error":"err"}
2016-04-09T17:38:45.707Z - error: on util error {"error":"err"}
2016-04-09T17:39:06.279Z - error: on util error {"error":"err"}
2016-04-09T17:39:14.035Z - error: on util error {"error":"err"}
2016-04-09T17:39:54.296Z - error: on util error {"error":"err"}
2016-04-09T17:41:33.906Z - error: on util error {"error":"err"}
2016-04-09T17:41:49.384Z - error: on util error {"error":"err"}
2016-04-09T17:41:51.560Z - error: on util error {"error":"err"}
2016-04-09T17:42:07.051Z - error: on util error {"error":"err"}
2016-04-09T17:42:16.475Z - error: on util error {"error":"err"}
2016-04-09T17:42:33.584Z - error: on util error {"error":"err"}
2016-04-09T17:42:39.231Z - error: on util error {"error":"err"}
2016-04-09T17:42:54.059Z - error: on util error {"error":"err"}
2016-04-09T17:43:37.340Z - error: on util error {"error":"err"}
2016-04-09T17:44:30.348Z - error: on util error {"error":"err"}
2016-04-09T17:44:42.178Z - error: on util error {"error":"err"}
2016-04-09T17:45:09.064Z - error: on util error {"error":"err"}
2016-04-09T17:51:54.016Z - error: on util error {"error":"err"}
2016-04-10T05:11:58.369Z - error: on util error {"error":"err"}
2016-04-10T05:12:45.580Z - error: on util error {"error":"err"}
2016-04-10T05:12:50.273Z - error: on util error {"error":"err"}
2016-04-10T05:12:55.434Z - error: on util error {"error":"err"}
2016-04-10T05:14:06.105Z - error: on util error {"error":"err"}
2016-04-10T05:14:10.429Z - error: on util error {"error":"err"}
2016-04-10T05:17:14.873Z - error: on util error {"error":"err"}
2016-04-10T05:19:11.377Z - error: on util error {"error":"err"}
2016-04-10T05:21:20.459Z - error: on util error {"error":"err"}
2016-04-10T05:21:43.597Z - error: on util error {"error":"err"}
2016-04-10T05:22:47.287Z - error: on util error {"error":"err"}
2016-04-10T05:29:43.509Z - error: on util error {"error":"err"}
2016-04-10T05:30:08.959Z - error: on util error {"error":"err"}
2016-04-10T05:31:45.551Z - error: on util error {"error":"err"}
2016-04-10T05:32:03.006Z - error: on util error {"error":"err"}
2016-04-10T05:37:40.665Z - error: on util error {"error":"err"}
2016-04-10T05:38:46.693Z - error: on util error {"error":"err"}
2016-04-10T05:41:42.911Z - error: on util error {"error":"err"}
2016-04-10T05:43:11.957Z - error: on util error {"error":"err"}
2016-04-10T05:43:28.011Z - error: on util error {"error":"err"}
2016-04-10T05:43:36.594Z - error: on util error {"error":"err"}
2016-04-10T05:43:51.175Z - error: on util error {"error":"err"}
2016-04-10T05:46:04.861Z - error: on util error {"error":"err"}
2016-04-10T05:46:36.997Z - error: on util error {"error":"err"}
2016-04-10T05:47:12.731Z - error: on util error {"error":"err"}
2016-04-10T05:49:39.293Z - error: on util error {"error":"err"}
2016-04-10T05:50:19.392Z - error: on util error {"error":"err"}
2016-04-10T05:52:20.683Z - error: on util error {"error":"err"}
2016-04-10T05:52:29.589Z - error: on util error {"error":"err"}
2016-04-10T06:01:05.020Z - error: on util error {"error":"err"}
2016-04-10T06:01:14.882Z - error: on util error {"error":"err"}
2016-04-10T06:01:28.196Z - error: on util error {"error":"err"}
2016-04-10T06:01:51.297Z - error: on util error {"error":"err"}
2016-04-10T06:02:02.499Z - error: on util error {"error":"err"}
2016-04-10T06:02:14.103Z - error: on util error {"error":"err"}
2016-04-10T06:03:26.063Z - error: on util error {"error":"err"}
2016-04-10T06:06:20.538Z - error: on util error {"error":"err"}
2016-04-10T06:06:39.285Z - error: on util error {"error":"err"}
2016-04-10T06:07:03.483Z - error: on util error {"error":"err"}
2016-04-10T06:07:50.346Z - error: on util error {"error":"err"}
2016-04-10T06:09:00.207Z - error: on util error {"error":"err"}
2016-04-10T06:09:25.986Z - error: on util error {"error":"err"}
2016-04-10T06:10:02.081Z - error: on util error {"error":"err"}
2016-04-10T06:10:13.053Z - error: on util error {"error":"err"}
2016-04-10T06:10:52.034Z - error: on util error {"error":"err"}
2016-04-10T06:10:55.184Z - error: on util error {"error":"err"}
2016-04-10T06:11:51.738Z - error: on util error {"error":"err"}
2016-04-10T06:12:00.333Z - error: on util error {"error":"err"}
2016-04-10T06:13:24.462Z - error: on util error {"error":"err"}
2016-04-10T06:13:38.268Z - error: on util error {"error":"err"}
2016-04-10T06:14:48.659Z - error: on util error {"error":"err"}
2016-04-10T06:14:58.730Z - error: on util error {"error":"err"}
2016-04-10T06:15:22.387Z - error: on util error {"error":"err"}
2016-04-10T06:16:17.010Z - error: on util error {"error":"err"}
2016-04-10T06:18:24.746Z - error: on util error {"error":"err"}
2016-04-10T06:19:12.951Z - error: on util error {"error":"err"}
2016-04-10T06:19:32.288Z - error: on util error {"error":"err"}
2016-04-10T06:19:55.805Z - error: on util error {"error":"err"}
2016-04-10T06:20:15.683Z - error: on util error {"error":"err"}
2016-04-10T06:20:35.711Z - error: on util error {"error":"err"}
2016-04-10T06:22:35.906Z - error: on util error {"error":"err"}
2016-04-10T06:22:36.163Z - error: on util error {"error":"err"}
2016-04-10T06:24:11.373Z - error: on util error {"error":"err"}
2016-04-10T06:24:28.066Z - error: on util error {"error":"err"}
2016-04-10T06:25:09.894Z - error: on util error {"error":"err"}
2016-04-10T06:26:20.733Z - error: on util error {"error":"err"}
2016-04-10T06:26:32.957Z - error: on util error {"error":"err"}
2016-04-10T06:26:35.410Z - error: on util error {"error":"err"}
2016-04-10T06:28:55.585Z - error: on util error {"error":"err"}
2016-04-10T06:29:02.086Z - error: on util error {"error":"err"}
2016-04-10T06:29:52.529Z - error: on util error {"error":"err"}
2016-04-10T06:30:50.559Z - error: on util error {"error":"err"}
2016-04-10T06:31:22.283Z - error: on util error {"error":"err"}
2016-04-10T06:31:43.505Z - error: on util error {"error":"err"}
2016-04-10T06:34:05.521Z - error: on util error {"error":"err"}
2016-04-10T06:34:15.257Z - error: on util error {"error":"err"}
2016-04-10T06:34:16.910Z - error: on util error {"error":"err"}
2016-04-10T06:34:20.472Z - error: on util error {"error":"err"}
2016-04-10T06:34:28.829Z - error: on util error {"error":"err"}
2016-04-10T06:34:54.534Z - error: on util error {"error":"err"}
2016-04-10T06:37:22.761Z - error: on util error {"error":"err"}
2016-04-10T06:37:41.408Z - error: on util error {"error":"err"}
2016-04-10T06:37:58.639Z - error: on util error {"error":"err"}
2016-04-10T06:41:29.715Z - error: on util error {"error":"err"}
2016-04-10T06:42:14.679Z - error: on util error {"error":"err"}
2016-04-10T06:42:41.189Z - error: on util error {"error":"err"}
2016-04-10T06:42:44.679Z - error: on util error {"error":"err"}
2016-04-10T06:45:08.613Z - error: on util error {"error":"err"}
2016-04-10T06:45:31.045Z - error: on util error {"error":"err"}
2016-04-10T06:45:58.932Z - error: on util error {"error":"err"}
2016-04-10T06:46:45.518Z - error: on util error {"error":"err"}
2016-04-10T06:47:13.996Z - error: on util error {"error":"err"}
2016-04-10T06:47:17.126Z - error: on util error {"error":"err"}
2016-04-10T06:47:23.562Z - error: on util error {"error":"err"}
2016-04-10T06:47:30.760Z - error: on util error {"error":"err"}
2016-04-10T06:47:32.043Z - error: on util error {"error":"err"}
2016-04-10T06:47:34.495Z - error: on util error {"error":"err"}
2016-04-10T06:48:18.257Z - error: on util error {"error":"err"}
2016-04-10T06:49:20.980Z - error: on util error {"error":"err"}
2016-04-10T06:50:30.676Z - error: on util error {"error":"err"}
2016-04-10T06:51:08.662Z - error: on util error {"error":"err"}
2016-04-10T06:51:21.410Z - error: on util error {"error":"err"}
2016-04-10T06:51:38.140Z - error: on util error {"error":"err"}
2016-04-10T06:51:41.346Z - error: on util error {"error":"err"}
2016-04-10T06:51:53.227Z - error: on util error {"error":"err"}
2016-04-10T06:52:00.946Z - error: on util error {"error":"err"}
2016-04-10T06:52:49.156Z - error: on util error {"error":"err"}
2016-04-10T06:53:26.546Z - error: on util error {"error":"err"}
2016-04-10T06:53:48.448Z - error: on util error {"error":"err"}
2016-04-10T06:54:47.364Z - error: on util error {"error":"err"}
2016-04-10T06:54:54.064Z - error: on util error {"error":"err"}
2016-04-10T06:55:36.448Z - error: on util error {"error":"err"}
2016-04-10T06:55:38.166Z - error: on util error {"error":"err"}
2016-04-10T06:56:19.156Z - error: on util error {"error":"err"}
2016-04-10T06:57:01.098Z - error: on util error {"error":"err"}
2016-04-10T06:57:09.919Z - error: on util error {"error":"err"}
2016-04-10T06:59:25.330Z - error: on util error {"error":"err"}
2016-04-10T07:00:26.482Z - error: on util error {"error":"err"}
2016-04-10T07:00:40.807Z - error: on util error {"error":"err"}
2016-04-10T07:01:03.048Z - error: on util error {"error":"err"}
2016-04-10T07:03:05.366Z - error: on util error {"error":"err"}
2016-04-10T07:03:08.479Z - error: on util error {"error":"err"}
2016-04-10T07:03:58.747Z - error: on util error {"error":"err"}
2016-04-10T07:05:55.908Z - error: on util error {"error":"err"}
2016-04-10T07:05:56.494Z - error: on util error {"error":"err"}
2016-04-10T07:06:36.366Z - error: on util error {"error":"err"}
2016-04-10T07:08:25.079Z - error: on util error {"error":"err"}
2016-04-10T07:08:32.611Z - error: on util error {"error":"err"}
2016-04-10T07:08:50.060Z - error: on util error {"error":"err"}
2016-04-10T07:09:39.946Z - error: on util error {"error":"err"}
2016-04-10T07:10:38.565Z - error: on util error {"error":"err"}
2016-04-10T07:11:08.330Z - error: on util error {"error":"err"}
2016-04-10T07:11:19.469Z - error: on util error {"error":"err"}
2016-04-10T07:11:35.337Z - error: on util error {"error":"err"}
2016-04-10T07:13:24.132Z - error: on util error {"error":"err"}
2016-04-10T07:14:41.800Z - error: on util error {"error":"err"}
2016-04-10T07:15:14.133Z - error: on util error {"error":"err"}
2016-04-10T07:15:51.166Z - error: on util error {"error":"err"}
2016-04-10T07:17:07.434Z - error: on util error {"error":"err"}
2016-04-10T07:17:34.408Z - error: on util error {"error":"err"}
2016-04-10T07:18:00.553Z - error: on util error {"error":"err"}
2016-04-10T07:18:02.119Z - error: on util error {"error":"err"}
2016-04-10T07:18:11.495Z - error: on util error {"error":"err"}
2016-04-10T07:18:57.359Z - error: on util error {"error":"err"}
2016-04-10T07:19:37.521Z - error: on util error {"error":"err"}
2016-04-10T07:20:15.632Z - error: on util error {"error":"err"}
2016-04-10T07:21:06.635Z - error: on util error {"error":"err"}
2016-04-10T07:21:40.152Z - error: on util error {"error":"err"}
2016-04-10T07:21:49.690Z - error: on util error {"error":"err"}
2016-04-10T07:22:53.283Z - error: on util error {"error":"err"}
2016-04-10T07:23:54.147Z - error: on util error {"error":"err"}
2016-04-10T07:24:14.341Z - error: on util error {"error":"err"}
2016-04-10T07:24:23.970Z - error: on util error {"error":"err"}
2016-04-10T07:24:30.499Z - error: on util error {"error":"err"}
2016-04-10T07:24:33.490Z - error: on util error {"error":"err"}
2016-04-10T07:24:56.813Z - error: on util error {"error":"err"}
2016-04-10T07:25:41.088Z - error: on util error {"error":"err"}
2016-04-10T07:26:00.712Z - error: on util error {"error":"err"}
2016-04-10T07:27:29.019Z - error: on util error {"error":"err"}
2016-04-10T07:27:50.328Z - error: on util error {"error":"err"}
2016-04-10T07:27:51.960Z - error: on util error {"error":"err"}
2016-04-10T07:28:17.123Z - error: on util error {"error":"err"}
2016-04-10T07:28:26.400Z - error: on util error {"error":"err"}
2016-04-10T07:28:34.615Z - error: on util error {"error":"err"}
2016-04-10T07:28:58.280Z - error: on util error {"error":"err"}
2016-04-10T07:29:05.153Z - error: on util error {"error":"err"}
2016-04-10T07:30:36.047Z - error: on util error {"error":"err"}
2016-04-10T07:30:37.736Z - error: on util error {"error":"err"}
2016-04-10T07:30:37.754Z - error: on util error {"error":"err"}
2016-04-10T07:31:16.870Z - error: on util error {"error":"err"}
2016-04-10T07:31:53.589Z - error: on util error {"error":"err"}
2016-04-10T07:31:58.415Z - error: on util error {"error":"err"}
2016-04-10T07:32:49.196Z - error: on util error {"error":"err"}
2016-04-10T07:34:06.024Z - error: on util error {"error":"err"}
2016-04-10T07:34:20.752Z - error: on util error {"error":"err"}
2016-04-10T07:34:22.912Z - error: on util error {"error":"err"}
2016-04-10T07:34:32.688Z - error: on util error {"error":"err"}
2016-04-10T07:34:45.406Z - error: on util error {"error":"err"}
2016-04-10T07:35:34.953Z - error: on util error {"error":"err"}
2016-04-10T07:36:23.535Z - error: on util error {"error":"err"}
2016-04-10T07:36:25.639Z - error: on util error {"error":"err"}
2016-04-10T07:36:37.880Z - error: on util error {"error":"err"}
2016-04-10T07:37:17.302Z - error: on util error {"error":"err"}
2016-04-10T07:37:30.010Z - error: on util error {"error":"err"}
2016-04-10T07:37:34.813Z - error: on util error {"error":"err"}
2016-04-10T07:37:43.130Z - error: on util error {"error":"err"}
2016-04-10T07:38:08.804Z - error: on util error {"error":"err"}
2016-04-10T07:38:47.204Z - error: on util error {"error":"err"}
2016-04-10T07:38:49.449Z - error: on util error {"error":"err"}
2016-04-10T07:47:21.267Z - error: on util error {"error":"err"}
2016-04-10T07:47:28.413Z - error: on util error {"error":"err"}
2016-04-10T07:47:34.610Z - error: on util error {"error":"err"}
2016-04-10T07:49:19.577Z - error: on util error {"error":"err"}
2016-04-10T07:49:25.861Z - error: on util error {"error":"err"}
2016-04-10T07:49:34.768Z - error: on util error {"error":"err"}
2016-04-10T07:49:38.110Z - error: on util error {"error":"err"}
2016-04-10T07:49:44.793Z - error: on util error {"error":"err"}
2016-04-10T07:50:30.566Z - error: on util error {"error":"err"}
2016-04-10T07:50:39.555Z - error: on util error {"error":"err"}
2016-04-10T07:50:49.686Z - error: on util error {"error":"err"}
2016-04-10T07:51:21.604Z - error: on util error {"error":"err"}
2016-04-10T07:51:28.661Z - error: on util error {"error":"err"}
2016-04-10T07:52:37.449Z - error: on util error {"error":"err"}
2016-04-10T07:52:54.652Z - error: on util error {"error":"err"}
2016-04-10T07:53:33.149Z - error: on util error {"error":"err"}
2016-04-10T07:54:58.283Z - error: on util error {"error":"err"}
2016-04-10T07:54:59.639Z - error: on util error {"error":"err"}
2016-04-10T07:55:46.787Z - error: on util error {"error":"err"}
2016-04-10T07:55:54.968Z - error: on util error {"error":"err"}
2016-04-10T07:56:02.136Z - error: on util error {"error":"err"}
2016-04-10T07:56:04.808Z - error: on util error {"error":"err"}
2016-04-10T07:56:56.573Z - error: on util error {"error":"err"}
2016-04-10T07:57:04.258Z - error: on util error {"error":"err"}
2016-04-10T07:57:14.865Z - error: on util error {"error":"err"}
2016-04-10T07:57:29.087Z - error: on util error {"error":"err"}
2016-04-10T07:57:38.067Z - error: on util error {"error":"err"}
2016-04-10T07:58:19.516Z - error: on util error {"error":"err"}
2016-04-10T07:59:42.183Z - error: on util error {"error":"err"}
2016-04-10T07:59:56.837Z - error: on util error {"error":"err"}
2016-04-10T08:00:15.657Z - error: on util error {"error":"err"}
2016-04-10T08:00:58.698Z - error: on util error {"error":"err"}
2016-04-10T08:01:14.820Z - error: on util error {"error":"err"}
2016-04-10T08:01:20.494Z - error: on util error {"error":"err"}
2016-04-10T08:01:27.501Z - error: on util error {"error":"err"}
2016-04-10T08:02:09.906Z - error: on util error {"error":"err"}
2016-04-10T08:02:40.181Z - error: on util error {"error":"err"}
2016-04-10T08:02:49.625Z - error: on util error {"error":"err"}
2016-04-10T08:02:52.814Z - error: on util error {"error":"err"}
2016-04-10T08:03:11.824Z - error: on util error {"error":"err"}
2016-04-10T08:03:25.848Z - error: on util error {"error":"err"}
2016-04-10T08:03:34.032Z - error: on util error {"error":"err"}
2016-04-10T08:03:58.172Z - error: on util error {"error":"err"}
2016-04-10T08:04:24.309Z - error: on util error {"error":"err"}
2016-04-10T08:04:30.338Z - error: on util error {"error":"err"}
2016-04-10T08:04:57.631Z - error: on util error {"error":"err"}
2016-04-10T08:05:38.856Z - error: on util error {"error":"err"}
2016-04-10T08:05:46.500Z - error: on util error {"error":"err"}
2016-04-10T08:06:15.985Z - error: on util error {"error":"err"}
2016-04-10T08:06:45.226Z - error: on util error {"error":"err"}
2016-04-10T08:07:12.393Z - error: on util error {"error":"err"}
2016-04-10T08:08:28.419Z - error: on util error {"error":"err"}
2016-04-10T08:09:20.446Z - error: on util error {"error":"err"}
2016-04-10T08:09:31.125Z - error: on util error {"error":"err"}
2016-04-10T08:09:42.938Z - error: on util error {"error":"err"}
2016-04-10T08:09:54.093Z - error: on util error {"error":"err"}
2016-04-10T08:09:59.960Z - error: on util error {"error":"err"}
2016-04-10T08:10:05.550Z - error: on util error {"error":"err"}
2016-04-10T08:10:12.995Z - error: on util error {"error":"err"}
2016-04-10T08:10:20.586Z - error: on util error {"error":"err"}
2016-04-10T08:10:30.326Z - error: on util error {"error":"err"}
2016-04-10T08:10:33.332Z - error: on util error {"error":"err"}
2016-04-10T08:10:40.808Z - error: on util error {"error":"err"}
2016-04-10T08:10:49.306Z - error: on util error {"error":"err"}
2016-04-10T08:11:18.517Z - error: on util error {"error":"err"}
2016-04-10T08:12:36.491Z - error: on util error {"error":"err"}
2016-04-10T08:12:50.707Z - error: on util error {"error":"err"}
2016-04-10T08:14:26.877Z - error: on util error {"error":"err"}
2016-04-10T08:16:26.073Z - error: on util error {"error":"err"}
2016-04-10T08:20:58.947Z - error: on util error {"error":"err"}
2016-04-10T08:22:06.900Z - error: on util error {"error":"err"}
2016-04-10T08:23:07.635Z - error: on util error {"error":"err"}
2016-04-10T08:23:20.602Z - error: on util error {"error":"err"}
2016-04-10T08:23:25.554Z - error: on util error {"error":"err"}
2016-04-10T08:23:34.798Z - error: on util error {"error":"err"}
2016-04-10T08:24:03.727Z - error: on util error {"error":"err"}
2016-04-10T08:24:10.300Z - error: on util error {"error":"err"}
2016-04-10T08:26:10.388Z - error: on util error {"error":"err"}
2016-04-10T08:27:09.296Z - error: on util error {"error":"err"}
2016-04-10T08:28:33.861Z - error: on util error {"error":"err"}
2016-04-10T08:29:30.708Z - error: on util error {"error":"err"}
2016-04-10T08:30:21.023Z - error: on util error {"error":"err"}
2016-04-10T08:31:45.391Z - error: on util error {"error":"err"}
2016-04-10T08:32:25.364Z - error: on util error {"error":"err"}
2016-04-10T08:32:38.644Z - error: on util error {"error":"err"}
2016-04-10T08:33:17.400Z - error: on util error {"error":"err"}
2016-04-10T08:33:19.507Z - error: on util error {"error":"err"}
2016-04-10T08:33:59.746Z - error: on util error {"error":"err"}
2016-04-10T08:34:04.093Z - error: on util error {"error":"err"}
2016-04-10T08:38:21.219Z - error: on util error {"error":"err"}
