2016-03-28T07:14:17.299Z - info: on util success {"data":{"id":"C1112"}}
2016-03-28T07:14:44.048Z - info: on util success {"data":{"result":"success","id":"C1112"}}
2016-03-28T07:15:02.181Z - info: on util success {"data":{"result":"success","id":"C1112"}}
2016-03-28T07:15:41.443Z - info: on util success {"data":{"id":"C1112"}}
2016-03-28T07:15:50.125Z - info: on util success {"data":{"result":"success","id":"C1112"}}
2016-03-28T07:16:08.336Z - info: on util success {"data":[1]}
2016-03-28T07:17:25.173Z - info: on util success {"data":{"id":"C1112"}}
2016-03-28T07:17:34.516Z - info: on util success {"data":{"result":"success","id":"C1112"}}
2016-03-28T07:17:50.744Z - info: on util success {"data":[1]}
2016-03-28T08:07:35.693Z - info: on util success {"data":[{"id":null,"name":"하나(외환)","main":"0","cardNumber":"4119","expireDate":"184","phoneNumber":"01049396738","createdAt":"2016-03-28T08:07:35.000Z","updatedAt":"2016-03-28T08:07:35.000Z"}]}
2016-03-28T08:14:02.446Z - info: on util success {"data":{"code":1,"reason":"중복된 카드번호입니다."}}
2016-03-28T08:14:02.481Z - info: on util success {"data":[{"id":"R4742","quantity":"1","status":0,"type":"0003","paymentPlan":"5","CustomerPhoneNumber":"01049396738","EventId":35,"createdAt":"2016-03-28T08:14:02.000Z","updatedAt":"2016-03-28T08:14:02.000Z"}]}
2016-03-28T08:15:00.877Z - info: on util success {"data":{"code":1,"reason":"중복된 카드번호입니다."}}
2016-03-28T08:15:00.909Z - info: on util success {"data":[{"id":"R9040","quantity":"1","status":0,"type":"0003","paymentPlan":"5","CustomerPhoneNumber":"01049396738","EventId":35,"createdAt":"2016-03-28T08:15:00.000Z","updatedAt":"2016-03-28T08:15:00.000Z"}]}
2016-03-28T08:15:58.423Z - info: on util success {"data":{"code":1,"reason":"중복된 카드번호입니다."}}
2016-03-28T08:15:58.450Z - info: on util success {"data":[{"id":"R45458","quantity":"1","status":0,"type":"0003","paymentPlan":"5","CustomerPhoneNumber":"01049396738","EventId":35,"createdAt":"2016-03-28T08:15:58.000Z","updatedAt":"2016-03-28T08:15:58.000Z"}]}
2016-03-28T08:32:24.803Z - info: on util success {"data":{"id":"C1112"}}
2016-03-28T08:32:38.635Z - info: on util success {"data":{"result":"success","id":"C1112"}}
2016-03-28T08:32:56.741Z - info: on util success {"data":[1]}
2016-03-28T08:37:47.828Z - info: on util success {"data":{"code":1,"reason":"중복된 카드번호입니다."}}
2016-03-28T08:37:47.844Z - info: on util success {"data":[{"id":"R87147","quantity":"1","status":0,"type":"0002","paymentPlan":"1","CustomerPhoneNumber":"01049396738","EventId":35,"createdAt":"2016-03-28T08:37:47.000Z","updatedAt":"2016-03-28T08:37:47.000Z"}]}
2016-03-31T03:15:47.992Z - info: on util success {"data":{"max":0,"userCnt":0,"eventId":27}}
2016-03-31T03:16:33.183Z - info: on util success {"data":{"max":0,"userCnt":0,"eventId":27}}
2016-03-31T03:17:00.637Z - info: on util success {"data":{"max":0,"userCnt":0,"eventId":27}}
2016-03-31T03:17:30.973Z - info: on util success {"data":{"max":0,"userCnt":0,"eventId":27}}
2016-03-31T03:17:38.313Z - info: on util success {"data":{"max":0,"userCnt":0,"eventId":27}}
2016-03-31T03:17:51.871Z - info: on util success {"data":{"max":0,"userCnt":0,"eventId":27}}
2016-03-31T03:18:01.210Z - info: on util success {"data":{"max":"20","userCnt":0,"eventId":27}}
2016-03-31T03:18:41.186Z - info: on util success {"data":{"max":"20","userCnt":0,"eventId":27}}
2016-03-31T03:19:11.792Z - info: on util success {"data":{"max":"20","userCnt":0,"eventId":27}}
2016-03-31T03:26:17.583Z - info: on util success {"data":{"max":"20","userCnt":0,"eventId":27}}
2016-03-31T03:26:35.296Z - info: on util success {"data":{"max":"20","userCnt":0,"eventId":27}}
2016-03-31T03:31:32.328Z - info: on util success {"data":{"max":"20","userCnt":0,"eventId":27}}
2016-03-31T03:31:33.719Z - info: on util success {"data":{"max":"20","userCnt":0,"eventId":27}}
2016-03-31T03:31:35.579Z - info: on util success {"data":{"max":"20","userCnt":0,"eventId":27}}
2016-03-31T03:31:37.213Z - info: on util success {"data":{"max":"20","userCnt":0,"eventId":27}}
2016-03-31T03:34:38.842Z - info: on util success {"data":{"max":"20","userCnt":0,"eventId":27}}
2016-03-31T03:34:44.922Z - info: on util success {"data":{"id":"C1112"}}
2016-03-31T03:35:05.122Z - info: on util success {"data":{"result":"success","id":"C1112"}}
2016-03-31T03:35:07.628Z - info: on util success {"data":[1]}
2016-03-31T03:35:07.924Z - info: on util success {"data":{"max":"20","userCnt":0,"eventId":27}}
2016-03-31T03:41:37.243Z - info: on util success {"data":{"max":"20","userCnt":0,"eventId":27}}
2016-03-31T03:41:53.541Z - info: on util success {"data":{"max":"20","userCnt":0,"eventId":27}}
2016-03-31T03:42:01.003Z - info: on util success {"data":{"max":"20","userCnt":0,"eventId":27}}
2016-03-31T03:42:08.741Z - info: on util success {"data":{"max":"20","userCnt":0,"eventId":27}}
2016-03-31T03:42:14.500Z - info: on util success {"data":{"max":"20","userCnt":0,"eventId":27}}
2016-03-31T03:42:16.005Z - info: on util success {"data":{"max":"20","userCnt":0,"eventId":27}}
2016-03-31T03:42:28.948Z - info: on util success {"data":{"max":"20","userCnt":0,"eventId":27}}
2016-03-31T03:42:43.612Z - info: on util success {"data":{"max":"20","userCnt":0,"eventId":27}}
2016-03-31T03:42:46.418Z - info: on util success {"data":{"max":"20","userCnt":0,"eventId":27}}
2016-03-31T03:43:19.757Z - info: on util success {"data":{"max":"20","userCnt":0,"eventId":27}}
2016-03-31T03:43:42.637Z - info: on util success {"data":{"max":"20","userCnt":0,"eventId":27}}
2016-03-31T03:43:46.409Z - info: on util success {"data":{"max":"20","userCnt":0,"eventId":27}}
2016-03-31T03:44:03.129Z - info: on util success {"data":{"max":"20","userCnt":0,"eventId":27}}
2016-03-31T03:44:39.277Z - info: on util success {"data":{"max":"20","userCnt":0,"eventId":27}}
2016-03-31T03:45:05.587Z - info: on util success {"data":{"max":"20","userCnt":0,"eventId":27}}
2016-03-31T03:45:24.738Z - info: on util success {"data":{"max":"20","userCnt":0,"eventId":27}}
2016-03-31T03:45:36.635Z - info: on util success {"data":{"max":"20","userCnt":0,"eventId":27}}
2016-03-31T03:45:37.837Z - info: on util success {"data":{"max":"20","userCnt":0,"eventId":27}}
2016-03-31T03:45:49.797Z - info: on util success {"data":{"max":"20","userCnt":0,"eventId":27}}
2016-03-31T03:46:00.464Z - info: on util success {"data":{"max":"20","userCnt":0,"eventId":27}}
2016-03-31T03:46:12.461Z - info: on util success {"data":{"max":"20","userCnt":0,"eventId":27}}
2016-03-31T03:46:15.400Z - info: on util success {"data":{"id":"C3492"}}
2016-03-31T03:46:15.795Z - info: on util success {"data":{"id":"C3492"}}
2016-03-31T03:46:16.309Z - info: on util success {"data":{"id":"C3492"}}
2016-03-31T03:46:17.056Z - info: on util success {"data":{"id":"C3492"}}
2016-03-31T03:46:17.153Z - info: on util success {"data":{"id":"C3492"}}
2016-03-31T03:46:21.553Z - info: on util success {"data":{"max":"20","userCnt":0,"eventId":27}}
2016-03-31T03:46:30.786Z - info: on util success {"data":{"max":"20","userCnt":0,"eventId":27}}
2016-03-31T03:46:34.792Z - info: on util success {"data":{"max":"20","userCnt":0,"eventId":27}}
2016-03-31T03:47:09.910Z - info: on util success {"data":{"max":"20","userCnt":0,"eventId":27}}
2016-03-31T03:47:15.895Z - info: on util success {"data":{"id":"C4432"}}
2016-03-31T03:47:18.102Z - info: on util success {"data":{"max":"20","userCnt":0,"eventId":27}}
2016-03-31T03:47:46.578Z - info: on util success {"data":[1]}
2016-03-31T03:47:51.378Z - info: on util success {"data":{"max":"20","userCnt":0,"eventId":27}}
2016-03-31T03:47:57.983Z - info: on util success {"data":{"max":"20","userCnt":0,"eventId":27}}
2016-03-31T03:48:01.888Z - info: on util success {"data":{"max":"20","userCnt":0,"eventId":27}}
2016-03-31T03:48:01.889Z - info: on util success {"data":{"max":"20","userCnt":0,"eventId":27}}
2016-03-31T03:48:23.743Z - info: on util success {"data":{"id":"C4912"}}
2016-03-31T03:48:25.069Z - info: on util success {"data":{"id":"C4912"}}
2016-03-31T03:48:25.242Z - info: on util success {"data":{"id":"C4912"}}
2016-03-31T03:48:26.012Z - info: on util success {"data":{"result":"success","id":"C4432"}}
2016-03-31T03:48:27.314Z - info: on util success {"data":{"max":"20","userCnt":0,"eventId":27}}
2016-03-31T03:48:29.075Z - info: on util success {"data":{"id":"C4912"}}
2016-03-31T03:48:29.224Z - info: on util success {"data":{"id":"C4912"}}
2016-03-31T03:48:30.261Z - info: on util success {"data":[1]}
2016-03-31T03:48:33.560Z - info: on util success {"data":{"max":"20","userCnt":0,"eventId":27}}
2016-03-31T03:48:43.041Z - info: on util success {"data":{"result":"success","id":"C4912"}}
2016-03-31T03:48:55.803Z - info: on util success {"data":{"max":"20","userCnt":0,"eventId":27}}
2016-03-31T03:49:04.393Z - info: on util success {"data":[1]}
2016-03-31T03:49:06.316Z - info: on util success {"data":{"max":"20","userCnt":0,"eventId":27}}
2016-03-31T03:49:19.389Z - info: on util success {"data":{"max":"20","userCnt":0,"eventId":27}}
2016-03-31T03:49:42.442Z - info: on util success {"data":{"max":"20","userCnt":0,"eventId":27}}
2016-03-31T03:49:47.173Z - info: on util success {"data":[{"id":null,"name":"국민","main":"0","cardNumber":"4689110108502607","expireDate":"1612","phoneNumber":"01093206114","createdAt":"2016-03-31T03:49:47.000Z","updatedAt":"2016-03-31T03:49:47.000Z"}]}
2016-03-31T03:49:47.537Z - info: on util success {"data":[{"id":"R57047","quantity":"1","status":0,"type":"0002","paymentPlan":"3","CustomerPhoneNumber":"01093206114","EventId":27,"createdAt":"2016-03-31T03:49:47.000Z","updatedAt":"2016-03-31T03:49:47.000Z"}]}
2016-03-31T03:49:50.727Z - info: on util success {"data":{"code":1,"reason":"중복된 카드번호입니다."}}
2016-03-31T03:49:51.021Z - info: on util success {"data":[{"id":"R5951","quantity":"1","status":0,"type":"0002","paymentPlan":"4","CustomerPhoneNumber":"01057610087","EventId":27,"createdAt":"2016-03-31T03:49:51.000Z","updatedAt":"2016-03-31T03:49:51.000Z"}]}
2016-03-31T03:50:04.010Z - info: on util success {"data":{"max":"20","userCnt":2,"eventId":27}}
2016-03-31T03:50:09.934Z - info: on util success {"data":{"code":1,"reason":"중복된 카드번호입니다."}}
2016-03-31T03:50:11.046Z - info: on util success {"data":[{"id":"R8511","quantity":"1","status":0,"type":"0002","paymentPlan":"4","CustomerPhoneNumber":"01029704033","EventId":27,"createdAt":"2016-03-31T03:50:11.000Z","updatedAt":"2016-03-31T03:50:11.000Z"}]}
2016-03-31T03:50:22.867Z - info: on util success {"data":{"max":"20","userCnt":3,"eventId":27}}
2016-03-31T03:50:24.539Z - info: on util success {"data":{"max":"20","userCnt":3,"eventId":27}}
2016-03-31T03:50:25.612Z - info: on util success {"data":{"max":"20","userCnt":3,"eventId":27}}
2016-03-31T03:50:35.895Z - info: on util success {"data":{"max":"20","userCnt":3,"eventId":27}}
2016-03-31T03:50:40.467Z - info: on util success {"data":{"max":"20","userCnt":3,"eventId":27}}
2016-03-31T03:50:51.027Z - info: on util success {"data":{"max":"20","userCnt":3,"eventId":27}}
2016-03-31T03:50:53.214Z - info: on util success {"data":{"max":"20","userCnt":3,"eventId":27}}
2016-03-31T03:50:57.582Z - info: on util success {"data":{"max":"20","userCnt":3,"eventId":27}}
2016-03-31T03:51:18.565Z - info: on util success {"data":{"max":"20","userCnt":3,"eventId":27}}
2016-03-31T03:51:32.620Z - info: on util success {"data":{"id":"C1282"}}
2016-03-31T03:51:41.511Z - info: on util success {"data":{"max":"20","userCnt":3,"eventId":27}}
2016-03-31T03:51:44.287Z - info: on util success {"data":{"result":"success","id":"C1282"}}
2016-03-31T03:52:07.319Z - info: on util success {"data":{"max":"20","userCnt":3,"eventId":27}}
2016-03-31T03:52:15.043Z - info: on util success {"data":[1]}
2016-03-31T03:52:17.661Z - info: on util success {"data":{"max":"20","userCnt":3,"eventId":27}}
2016-03-31T03:52:25.826Z - info: on util success {"data":[1]}
2016-03-31T03:52:27.113Z - info: on util success {"data":{"max":"20","userCnt":3,"eventId":27}}
2016-03-31T03:52:53.254Z - info: on util success {"data":{"max":"20","userCnt":3,"eventId":27}}
2016-03-31T03:53:06.468Z - info: on util success {"data":[{"id":null,"name":"하나(외환)","main":"0","cardNumber":"3788811881718372","expireDate":"2004","phoneNumber":"01053617330","createdAt":"2016-03-31T03:53:06.000Z","updatedAt":"2016-03-31T03:53:06.000Z"}]}
2016-03-31T03:53:06.545Z - info: on util success {"data":[{"id":"R5876","quantity":"1","status":0,"type":"0002","paymentPlan":"1","CustomerPhoneNumber":"01053617330","EventId":27,"createdAt":"2016-03-31T03:53:06.000Z","updatedAt":"2016-03-31T03:53:06.000Z"}]}
2016-03-31T03:53:16.130Z - info: on util success {"data":{"max":"20","userCnt":4,"eventId":27}}
2016-03-31T03:53:29.498Z - info: on util success {"data":{"max":"20","userCnt":4,"eventId":27}}
2016-03-31T03:53:31.724Z - info: on util success {"data":{"max":"20","userCnt":4,"eventId":27}}
2016-03-31T03:53:51.966Z - info: on util success {"data":{"id":"C1123"}}
2016-03-31T03:54:02.445Z - info: on util success {"data":{"result":"success","id":"C1123"}}
2016-03-31T03:55:50.104Z - info: on util success {"data":[1]}
2016-03-31T03:55:50.775Z - info: on util success {"data":{"max":"20","userCnt":4,"eventId":27}}
2016-03-31T03:55:58.395Z - info: on util success {"data":{"max":"20","userCnt":4,"eventId":27}}
2016-03-31T03:56:48.554Z - info: on util success {"data":{"code":1,"reason":"중복된 카드번호입니다."}}
2016-03-31T03:56:48.813Z - info: on util success {"data":[{"id":"R86048","quantity":"1","status":0,"type":"0002","paymentPlan":"2","CustomerPhoneNumber":"01022580688","EventId":27,"createdAt":"2016-03-31T03:56:48.000Z","updatedAt":"2016-03-31T03:56:48.000Z"}]}
2016-03-31T03:56:58.680Z - info: on util success {"data":{"max":"20","userCnt":5,"eventId":27}}
2016-03-31T04:05:42.214Z - info: on util success {"data":{"max":"50","userCnt":0,"eventId":37}}
2016-03-31T04:13:34.575Z - info: on util success {"data":{"max":"50","userCnt":37,"eventId":37}}
2016-03-31T04:17:46.884Z - info: on util success {"data":{"max":"50","userCnt":43,"eventId":37}}
2016-03-31T04:17:49.928Z - info: on util success {"data":{"max":"50","userCnt":43,"eventId":37}}
2016-03-31T04:17:52.408Z - info: on util success {"data":{"max":"50","userCnt":43,"eventId":37}}
2016-03-31T04:17:55.259Z - info: on util success {"data":{"max":"50","userCnt":43,"eventId":37}}
2016-03-31T14:03:38.593Z - info: on util success {"data":{"max":"50","userCnt":50,"eventId":37}}
2016-03-31T14:03:42.415Z - info: on util success {"data":{"max":"50","userCnt":50,"eventId":37}}
2016-03-31T14:03:56.969Z - info: on util success {"data":{"max":"50","userCnt":50,"eventId":37}}
2016-03-31T14:05:54.597Z - info: on util success {"data":{"max":"50","userCnt":50,"eventId":37}}
2016-03-31T14:06:07.270Z - info: on util success {"data":{"max":"50","userCnt":50,"eventId":37}}
2016-03-31T14:06:39.114Z - info: on util success {"data":{"max":"50","userCnt":50,"eventId":37}}
2016-04-01T08:55:33.302Z - info: on util success {"data":{"max":"50","userCnt":50,"eventId":37}}
2016-04-01T08:55:59.905Z - info: on util success {"data":{"max":"50","userCnt":50,"eventId":37}}
2016-04-01T08:56:24.049Z - info: on util success {"data":{"max":"50","userCnt":50,"eventId":37}}
2016-04-01T08:58:25.350Z - info: on util success {"data":{"max":"50","userCnt":50,"eventId":37}}
2016-04-01T09:48:51.511Z - info: on util success {"data":{"max":"50","userCnt":50,"eventId":37}}
2016-04-01T09:49:11.641Z - info: on util success {"data":{"max":"50","userCnt":50,"eventId":37}}
2016-04-01T09:49:23.184Z - info: on util success {"data":{"max":"50","userCnt":50,"eventId":37}}
2016-04-01T09:50:27.537Z - info: on util success {"data":{"max":"50","userCnt":50,"eventId":37}}
2016-04-01T09:51:47.936Z - info: on util success {"data":{"max":"50","userCnt":50,"eventId":37}}
2016-04-01T09:51:58.547Z - info: on util success {"data":{"max":"50","userCnt":50,"eventId":37}}
2016-04-01T09:53:27.429Z - info: on util success {"data":{"max":"50","userCnt":50,"eventId":37}}
2016-04-01T09:53:50.145Z - info: on util success {"data":{"max":"50","userCnt":50,"eventId":37}}
2016-04-01T09:54:04.972Z - info: on util success {"data":{"max":"50","userCnt":50,"eventId":37}}
2016-04-01T09:54:15.724Z - info: on util success {"data":{"max":"50","userCnt":50,"eventId":37}}
2016-04-01T09:54:23.502Z - info: on util success {"data":{"max":"50","userCnt":50,"eventId":37}}
2016-04-01T09:54:56.369Z - info: on util success {"data":{"max":"50","userCnt":50,"eventId":37}}
2016-04-01T09:55:24.293Z - info: on util success {"data":{"max":"50","userCnt":50,"eventId":37}}
2016-04-01T09:55:37.030Z - info: on util success {"data":{"max":"50","userCnt":50,"eventId":37}}
2016-04-01T09:55:56.109Z - info: on util success {"data":{"max":"50","userCnt":50,"eventId":37}}
2016-04-01T10:01:46.920Z - info: on util success {"data":{"max":"50","userCnt":50,"eventId":37}}
2016-04-01T10:01:55.033Z - info: on util success {"data":{"max":"50","userCnt":50,"eventId":37}}
2016-04-01T10:02:49.764Z - info: on util success {"data":{"max":"50","userCnt":50,"eventId":37}}
2016-04-01T10:03:16.987Z - info: on util success {"data":{"max":"50","userCnt":50,"eventId":37}}
2016-04-01T10:03:23.612Z - info: on util success {"data":{"max":"50","userCnt":50,"eventId":37}}
2016-04-01T10:03:33.081Z - info: on util success {"data":{"max":"50","userCnt":50,"eventId":37}}
2016-04-01T10:03:42.113Z - info: on util success {"data":{"max":"50","userCnt":50,"eventId":37}}
2016-04-01T10:03:46.708Z - info: on util success {"data":{"max":"50","userCnt":50,"eventId":37}}
2016-04-01T10:04:01.600Z - info: on util success {"data":{"max":"50","userCnt":50,"eventId":37}}
2016-04-01T10:06:07.871Z - info: on util success {"data":{"max":"50","userCnt":50,"eventId":37}}
2016-04-01T10:06:37.632Z - info: on util success {"data":{"max":"50","userCnt":50,"eventId":37}}
2016-04-02T16:15:05.973Z - info: on util success {"data":{"max":"50","userCnt":50,"eventId":37}}
2016-04-02T16:16:51.866Z - info: on util success {"data":{"max":"50","userCnt":50,"eventId":37}}
2016-04-02T16:16:57.427Z - info: on util success {"data":{"result":"success"}}
2016-04-03T16:33:14.996Z - info: on util success {"data":{"max":"50","userCnt":50,"eventId":37}}
2016-04-03T16:33:27.955Z - info: on util success {"data":{"max":"50","userCnt":50,"eventId":37}}
2016-04-03T16:33:48.670Z - info: on util success {"data":{"max":"50","userCnt":50,"eventId":37}}
2016-04-03T16:34:31.717Z - info: on util success {"data":{"max":"50","userCnt":50,"eventId":37}}
2016-04-03T16:39:38.699Z - info: on util success {"data":{"max":"50","userCnt":50,"eventId":37}}
2016-04-03T16:49:58.108Z - info: on util success {"data":{"max":"50","userCnt":50,"eventId":37}}
2016-04-03T16:58:18.784Z - info: on util success {"data":{"max":"50","userCnt":50,"eventId":37}}
2016-04-03T16:58:41.383Z - info: on util success {"data":{"max":"50","userCnt":50,"eventId":37}}
2016-04-04T15:56:54.281Z - info: on util success {"data":{"max":"50","userCnt":50,"eventId":37}}
2016-04-04T15:58:40.336Z - info: on util success {"data":{"max":"50","userCnt":50,"eventId":37}}
2016-04-04T15:59:30.786Z - info: on util success {"data":{"max":"50","userCnt":50,"eventId":37}}
2016-04-04T16:00:23.749Z - info: on util success {"data":{"max":"50","userCnt":50,"eventId":37}}
2016-04-04T16:01:39.449Z - info: on util success {"data":{"max":"50","userCnt":50,"eventId":37}}
2016-04-04T16:04:12.366Z - info: on util success {"data":{"max":"50","userCnt":50,"eventId":37}}
2016-04-04T16:06:06.546Z - info: on util success {"data":{"max":"50","userCnt":50,"eventId":37}}
2016-04-04T16:10:27.527Z - info: on util success {"data":{"max":"50","userCnt":50,"eventId":37}}
2016-04-04T16:11:26.097Z - info: on util success {"data":{"max":"50","userCnt":50,"eventId":37}}
2016-04-04T16:12:36.814Z - info: on util success {"data":{"max":"50","userCnt":50,"eventId":37}}
2016-04-04T16:15:24.916Z - info: on util success {"data":{"max":"50","userCnt":50,"eventId":37}}
2016-04-04T16:15:55.278Z - info: on util success {"data":{"max":"50","userCnt":50,"eventId":37}}
2016-04-04T16:16:36.094Z - info: on util success {"data":{"max":"50","userCnt":50,"eventId":37}}
2016-04-04T16:17:10.764Z - info: on util success {"data":{"max":"50","userCnt":50,"eventId":37}}
2016-04-04T16:17:51.420Z - info: on util success {"data":{"max":"50","userCnt":50,"eventId":37}}
2016-04-04T16:18:07.757Z - info: on util success {"data":{"max":"50","userCnt":50,"eventId":37}}
2016-04-04T16:19:28.661Z - info: on util success {"data":{"max":"50","userCnt":50,"eventId":37}}
2016-04-05T00:22:56.821Z - info: on util success {"data":{"max":"50","userCnt":50,"eventId":37}}
2016-04-05T00:25:05.671Z - info: on util success {"data":{"max":"50","userCnt":50,"eventId":37}}
2016-04-05T00:30:13.493Z - info: on util success {"data":{"max":"50","userCnt":50,"eventId":37}}
2016-04-05T00:35:15.760Z - info: on util success {"data":{"max":"50","userCnt":50,"eventId":37}}
2016-04-05T00:36:49.079Z - info: on util success {"data":{"max":"50","userCnt":50,"eventId":37}}
2016-04-05T00:47:51.928Z - info: on util success {"data":{"max":"50","userCnt":50,"eventId":37}}
2016-04-05T00:47:53.857Z - info: on util success {"data":{"max":"50","userCnt":50,"eventId":37}}
2016-04-05T00:51:02.903Z - info: on util success {"data":{"max":"50","userCnt":50,"eventId":37}}
2016-04-05T00:51:50.030Z - info: on util success {"data":{"max":"50","userCnt":50,"eventId":37}}
2016-04-05T00:54:08.932Z - info: on util success {"data":{"max":"50","userCnt":50,"eventId":37}}
2016-04-05T00:54:15.224Z - info: on util success {"data":{"max":"50","userCnt":50,"eventId":37}}
2016-04-05T00:57:44.560Z - info: on util success {"data":{"max":"50","userCnt":50,"eventId":37}}
2016-04-05T01:03:19.696Z - info: on util success {"data":{"max":"50","userCnt":50,"eventId":37}}
2016-04-05T01:04:41.453Z - info: on util success {"data":{"max":"50","userCnt":50,"eventId":37}}
2016-04-05T01:04:49.956Z - info: on util success {"data":{"max":"50","userCnt":50,"eventId":37}}
2016-04-05T01:05:32.844Z - info: on util success {"data":{"max":"50","userCnt":50,"eventId":37}}
2016-04-05T01:05:38.180Z - info: on util success {"data":{"max":"50","userCnt":50,"eventId":37}}
2016-04-05T01:05:54.668Z - info: on util success {"data":{"max":"50","userCnt":50,"eventId":37}}
2016-04-05T01:05:59.614Z - info: on util success {"data":{"max":"50","userCnt":50,"eventId":37}}
2016-04-05T01:06:07.144Z - info: on util success {"data":{"max":"50","userCnt":50,"eventId":37}}
2016-04-05T01:06:11.066Z - info: on util success {"data":{"max":"50","userCnt":50,"eventId":37}}
2016-04-05T01:06:41.086Z - info: on util success {"data":{"max":"50","userCnt":50,"eventId":37}}
2016-04-05T01:06:45.673Z - info: on util success {"data":{"max":"50","userCnt":50,"eventId":37}}
2016-04-05T01:07:16.635Z - info: on util success {"data":{"max":"50","userCnt":50,"eventId":37}}
2016-04-05T01:11:40.805Z - info: on util success {"data":{"max":"50","userCnt":50,"eventId":37}}
2016-04-05T01:12:21.349Z - info: on util success {"data":{"max":"50","userCnt":50,"eventId":37}}
2016-04-05T01:12:27.371Z - info: on util success {"data":{"max":"50","userCnt":50,"eventId":37}}
2016-04-05T01:13:27.069Z - info: on util success {"data":{"max":"50","userCnt":50,"eventId":37}}
2016-04-05T01:14:24.236Z - info: on util success {"data":{"max":"50","userCnt":50,"eventId":37}}
2016-04-05T01:14:38.659Z - info: on util success {"data":{"max":"50","userCnt":50,"eventId":37}}
2016-04-05T01:15:09.138Z - info: on util success {"data":{"max":"50","userCnt":50,"eventId":37}}
2016-04-05T01:16:48.154Z - info: on util success {"data":{"max":"50","userCnt":50,"eventId":37}}
2016-04-05T01:17:21.066Z - info: on util success {"data":{"max":"50","userCnt":50,"eventId":37}}
2016-04-05T01:18:38.968Z - info: on util success {"data":{"max":"50","userCnt":50,"eventId":37}}
2016-04-05T01:19:25.319Z - info: on util success {"data":{"max":"50","userCnt":50,"eventId":37}}
2016-04-05T01:19:47.407Z - info: on util success {"data":{"max":"50","userCnt":50,"eventId":37}}
2016-04-05T01:19:59.339Z - info: on util success {"data":{"max":"50","userCnt":50,"eventId":37}}
2016-04-05T01:20:50.926Z - info: on util success {"data":{"max":"50","userCnt":50,"eventId":37}}
2016-04-05T01:21:22.135Z - info: on util success {"data":{"max":"50","userCnt":50,"eventId":37}}
2016-04-05T01:21:46.974Z - info: on util success {"data":{"max":"50","userCnt":50,"eventId":37}}
2016-04-05T01:23:15.954Z - info: on util success {"data":{"max":"50","userCnt":50,"eventId":37}}
2016-04-05T01:28:06.245Z - info: on util success {"data":{"max":"50","userCnt":50,"eventId":37}}
2016-04-05T01:29:26.105Z - info: on util success {"data":{"max":"50","userCnt":50,"eventId":37}}
2016-04-05T01:29:50.479Z - info: on util success {"data":{"max":"50","userCnt":50,"eventId":37}}
2016-04-05T01:34:37.873Z - info: on util success {"data":{"max":"50","userCnt":50,"eventId":37}}
2016-04-05T01:34:58.416Z - info: on util success {"data":{"max":"50","userCnt":50,"eventId":37}}
2016-04-05T01:35:26.061Z - info: on util success {"data":{"max":"50","userCnt":50,"eventId":37}}
2016-04-05T01:37:39.037Z - info: on util success {"data":{"max":"50","userCnt":50,"eventId":37}}
2016-04-05T01:37:44.399Z - info: on util success {"data":{"max":"50","userCnt":50,"eventId":37}}
2016-04-05T01:37:58.591Z - info: on util success {"data":{"max":"50","userCnt":50,"eventId":37}}
2016-04-05T01:39:42.033Z - info: on util success {"data":{"max":"50","userCnt":50,"eventId":37}}
2016-04-05T01:39:47.225Z - info: on util success {"data":{"max":"50","userCnt":50,"eventId":37}}
2016-04-05T01:41:10.199Z - info: on util success {"data":{"max":"50","userCnt":50,"eventId":37}}
2016-04-05T01:41:50.842Z - info: on util success {"data":{"max":"50","userCnt":50,"eventId":37}}
2016-04-05T01:42:02.944Z - info: on util success {"data":{"max":"50","userCnt":50,"eventId":37}}
2016-04-05T01:44:53.289Z - info: on util success {"data":{"max":"50","userCnt":50,"eventId":37}}
2016-04-05T01:46:42.747Z - info: on util success {"data":{"max":"50","userCnt":50,"eventId":37}}
2016-04-05T01:47:04.413Z - info: on util success {"data":{"max":"50","userCnt":50,"eventId":37}}
2016-04-05T01:47:11.095Z - info: on util success {"data":{"max":"50","userCnt":50,"eventId":37}}
2016-04-05T01:47:17.643Z - info: on util success {"data":{"max":"50","userCnt":50,"eventId":37}}
